2025/03/14 15:03:15 [error] [exception.CHttpException.404] CHttpException: Unable to resolve the request "comment". in C:\xampp\htdocs\yiiblog\framework\web\CWebApplication.php:286
Stack trace:
#0 C:\xampp\htdocs\yiiblog\framework\web\CWebApplication.php(141): CWebApplication->runController('comment')
#1 C:\xampp\htdocs\yiiblog\framework\base\CApplication.php(185): CWebApplication->processRequest()
#2 C:\xampp\htdocs\yiiblog\index.php(13): CApplication->run()
#3 {main}
REQUEST_URI=/index.php/comment
---
2025/03/14 15:08:16 [error] [exception.CHttpException.404] CHttpException: The system is unable to find the requested action "post". in C:\xampp\htdocs\yiiblog\framework\web\CController.php:486
Stack trace:
#0 C:\xampp\htdocs\yiiblog\framework\web\CController.php(270): CController->missingAction('post')
#1 C:\xampp\htdocs\yiiblog\framework\web\CWebApplication.php(282): CController->run('post')
#2 C:\xampp\htdocs\yiiblog\framework\web\CWebApplication.php(141): CWebApplication->runController('gii/crud/post')
#3 C:\xampp\htdocs\yiiblog\framework\base\CApplication.php(185): CWebApplication->processRequest()
#4 C:\xampp\htdocs\yiiblog\index.php(13): CApplication->run()
#5 {main}
REQUEST_URI=/index.php/gii/crud/post
---
2025/03/14 15:08:24 [error] [exception.CHttpException.403] CHttpException: You are not authorized to perform this action. in C:\xampp\htdocs\yiiblog\framework\web\auth\CAccessControlFilter.php:183
Stack trace:
#0 C:\xampp\htdocs\yiiblog\framework\web\auth\CAccessControlFilter.php(145): CAccessControlFilter->accessDenied(Object(CWebUser), 'You are not aut...')
#1 C:\xampp\htdocs\yiiblog\framework\web\filters\CFilter.php(38): CAccessControlFilter->preFilter(Object(CFilterChain))
#2 C:\xampp\htdocs\yiiblog\framework\web\CController.php(1148): CFilter->filter(Object(CFilterChain))
#3 C:\xampp\htdocs\yiiblog\framework\web\filters\CInlineFilter.php(58): CController->filterAccessControl(Object(CFilterChain))
#4 C:\xampp\htdocs\yiiblog\framework\web\filters\CFilterChain.php(131): CInlineFilter->filter(Object(CFilterChain))
#5 C:\xampp\htdocs\yiiblog\framework\web\CController.php(291): CFilterChain->run()
#6 C:\xampp\htdocs\yiiblog\framework\web\CController.php(265): CController->runActionWithFilters(Object(CInlineAction), Array)
#7 C:\xampp\htdocs\yiiblog\framework\web\CWebApplication.php(282): CController->run('admin')
#8 C:\xampp\htdocs\yiiblog\framework\web\CWebApplication.php(141): CWebApplication->runController('post/admin')
#9 C:\xampp\htdocs\yiiblog\framework\base\CApplication.php(185): CWebApplication->processRequest()
#10 C:\xampp\htdocs\yiiblog\index.php(13): CApplication->run()
#11 {main}
REQUEST_URI=/index.php/post/admin
HTTP_REFERER=http://localhost:8080/index.php/site/login
---
2025/03/14 15:17:16 [error] [exception.CHttpException.404] CHttpException: Unable to resolve the request "user". in C:\xampp\htdocs\yiiblog\framework\web\CWebApplication.php:286
Stack trace:
#0 C:\xampp\htdocs\yiiblog\framework\web\CWebApplication.php(141): CWebApplication->runController('user')
#1 C:\xampp\htdocs\yiiblog\framework\base\CApplication.php(185): CWebApplication->processRequest()
#2 C:\xampp\htdocs\yiiblog\index.php(13): CApplication->run()
#3 {main}
REQUEST_URI=/index.php/user
HTTP_REFERER=http://localhost:8080/index.php
---
2025/03/14 15:17:25 [error] [exception.CHttpException.404] CHttpException: Unable to resolve the request "user". in C:\xampp\htdocs\yiiblog\framework\web\CWebApplication.php:286
Stack trace:
#0 C:\xampp\htdocs\yiiblog\framework\web\CWebApplication.php(141): CWebApplication->runController('user')
#1 C:\xampp\htdocs\yiiblog\framework\base\CApplication.php(185): CWebApplication->processRequest()
#2 C:\xampp\htdocs\yiiblog\index.php(13): CApplication->run()
#3 {main}
REQUEST_URI=/index.php/user
HTTP_REFERER=http://localhost:8080/index.php/comment
---
2025/03/14 16:13:35 [warning] [application] Failed to set unsafe attribute "status" of "Comment".
in C:\xampp\htdocs\yiiblog\protected\controllers\PostController.php (258)
in C:\xampp\htdocs\yiiblog\protected\controllers\PostController.php (67)
in C:\xampp\htdocs\yiiblog\index.php (13)
2025/03/14 16:13:35 [warning] [application] Failed to set unsafe attribute "create_time" of "Comment".
in C:\xampp\htdocs\yiiblog\protected\controllers\PostController.php (258)
in C:\xampp\htdocs\yiiblog\protected\controllers\PostController.php (67)
in C:\xampp\htdocs\yiiblog\index.php (13)
2025/03/14 16:13:35 [warning] [application] Failed to set unsafe attribute "post_id" of "Comment".
in C:\xampp\htdocs\yiiblog\protected\controllers\PostController.php (258)
in C:\xampp\htdocs\yiiblog\protected\controllers\PostController.php (67)
in C:\xampp\htdocs\yiiblog\index.php (13)
2025/03/14 16:33:40 [error] [exception.CException] CException: Property "Comment.pendingCommentCount" is not defined. in C:\xampp\htdocs\yiiblog\framework\base\CComponent.php:130
Stack trace:
#0 C:\xampp\htdocs\yiiblog\framework\db\ar\CActiveRecord.php(145): CComponent->__get('pendingCommentC...')
#1 C:\xampp\htdocs\yiiblog\protected\components\views\userMenu.php(5): CActiveRecord->__get('pendingCommentC...')
#2 C:\xampp\htdocs\yiiblog\framework\web\CBaseController.php(130): require('C:\\xampp\\htdocs...')
#3 C:\xampp\htdocs\yiiblog\framework\web\CBaseController.php(95): CBaseController->renderInternal('C:\\xampp\\htdocs...', NULL, false)
#4 C:\xampp\htdocs\yiiblog\framework\web\widgets\CWidget.php(244): CBaseController->renderFile('C:\\xampp\\htdocs...', NULL, false)
#5 C:\xampp\htdocs\yiiblog\protected\components\UserMenu.php(15): CWidget->render('userMenu')
#6 C:\xampp\htdocs\yiiblog\framework\zii\widgets\CPortlet.php(97): UserMenu->renderContent()
#7 C:\xampp\htdocs\yiiblog\framework\web\CBaseController.php(182): CPortlet->run()
#8 C:\xampp\htdocs\yiiblog\protected\views\layouts\column2.php(24): CBaseController->widget('UserMenu')
#9 C:\xampp\htdocs\yiiblog\framework\web\CBaseController.php(126): require('C:\\xampp\\htdocs...')
#10 C:\xampp\htdocs\yiiblog\framework\web\CBaseController.php(95): CBaseController->renderInternal('C:\\xampp\\htdocs...', Array, true)
#11 C:\xampp\htdocs\yiiblog\framework\web\CController.php(787): CBaseController->renderFile('C:\\xampp\\htdocs...', Array, true)
#12 C:\xampp\htdocs\yiiblog\protected\controllers\PostController.php(69): CController->render('view', Array)
#13 C:\xampp\htdocs\yiiblog\framework\web\actions\CInlineAction.php(49): PostController->actionView()
#14 C:\xampp\htdocs\yiiblog\framework\web\CController.php(308): CInlineAction->runWithParams(Array)
#15 C:\xampp\htdocs\yiiblog\framework\web\filters\CFilterChain.php(134): CController->runAction(Object(CInlineAction))
#16 C:\xampp\htdocs\yiiblog\framework\web\filters\CFilter.php(40): CFilterChain->run()
#17 C:\xampp\htdocs\yiiblog\framework\web\CController.php(1148): CFilter->filter(Object(CFilterChain))
#18 C:\xampp\htdocs\yiiblog\framework\web\filters\CInlineFilter.php(58): CController->filterAccessControl(Object(CFilterChain))
#19 C:\xampp\htdocs\yiiblog\framework\web\filters\CFilterChain.php(131): CInlineFilter->filter(Object(CFilterChain))
#20 C:\xampp\htdocs\yiiblog\framework\web\CController.php(291): CFilterChain->run()
#21 C:\xampp\htdocs\yiiblog\framework\web\CController.php(265): CController->runActionWithFilters(Object(CInlineAction), Array)
#22 C:\xampp\htdocs\yiiblog\framework\web\CWebApplication.php(282): CController->run('view')
#23 C:\xampp\htdocs\yiiblog\framework\web\CWebApplication.php(141): CWebApplication->runController('post/view')
#24 C:\xampp\htdocs\yiiblog\framework\base\CApplication.php(185): CWebApplication->processRequest()
#25 C:\xampp\htdocs\yiiblog\index.php(13): CApplication->run()
#26 {main}
REQUEST_URI=/index.php/post/1
HTTP_REFERER=http://localhost:8080/index.php/post/index
---
2025/03/14 16:33:46 [error] [exception.CException] CException: Property "Comment.pendingCommentCount" is not defined. in C:\xampp\htdocs\yiiblog\framework\base\CComponent.php:130
Stack trace:
#0 C:\xampp\htdocs\yiiblog\framework\db\ar\CActiveRecord.php(145): CComponent->__get('pendingCommentC...')
#1 C:\xampp\htdocs\yiiblog\protected\components\views\userMenu.php(5): CActiveRecord->__get('pendingCommentC...')
#2 C:\xampp\htdocs\yiiblog\framework\web\CBaseController.php(130): require('C:\\xampp\\htdocs...')
#3 C:\xampp\htdocs\yiiblog\framework\web\CBaseController.php(95): CBaseController->renderInternal('C:\\xampp\\htdocs...', NULL, false)
#4 C:\xampp\htdocs\yiiblog\framework\web\widgets\CWidget.php(244): CBaseController->renderFile('C:\\xampp\\htdocs...', NULL, false)
#5 C:\xampp\htdocs\yiiblog\protected\components\UserMenu.php(15): CWidget->render('userMenu')
#6 C:\xampp\htdocs\yiiblog\framework\zii\widgets\CPortlet.php(97): UserMenu->renderContent()
#7 C:\xampp\htdocs\yiiblog\framework\web\CBaseController.php(182): CPortlet->run()
#8 C:\xampp\htdocs\yiiblog\protected\views\layouts\column2.php(24): CBaseController->widget('UserMenu')
#9 C:\xampp\htdocs\yiiblog\framework\web\CBaseController.php(126): require('C:\\xampp\\htdocs...')
#10 C:\xampp\htdocs\yiiblog\framework\web\CBaseController.php(95): CBaseController->renderInternal('C:\\xampp\\htdocs...', Array, true)
#11 C:\xampp\htdocs\yiiblog\framework\web\CController.php(787): CBaseController->renderFile('C:\\xampp\\htdocs...', Array, true)
#12 C:\xampp\htdocs\yiiblog\protected\controllers\PostController.php(177): CController->render('index', Array)
#13 C:\xampp\htdocs\yiiblog\framework\web\actions\CInlineAction.php(49): PostController->actionIndex()
#14 C:\xampp\htdocs\yiiblog\framework\web\CController.php(308): CInlineAction->runWithParams(Array)
#15 C:\xampp\htdocs\yiiblog\framework\web\filters\CFilterChain.php(134): CController->runAction(Object(CInlineAction))
#16 C:\xampp\htdocs\yiiblog\framework\web\filters\CFilter.php(40): CFilterChain->run()
#17 C:\xampp\htdocs\yiiblog\framework\web\CController.php(1148): CFilter->filter(Object(CFilterChain))
#18 C:\xampp\htdocs\yiiblog\framework\web\filters\CInlineFilter.php(58): CController->filterAccessControl(Object(CFilterChain))
#19 C:\xampp\htdocs\yiiblog\framework\web\filters\CFilterChain.php(131): CInlineFilter->filter(Object(CFilterChain))
#20 C:\xampp\htdocs\yiiblog\framework\web\CController.php(291): CFilterChain->run()
#21 C:\xampp\htdocs\yiiblog\framework\web\CController.php(265): CController->runActionWithFilters(Object(CInlineAction), Array)
#22 C:\xampp\htdocs\yiiblog\framework\web\CWebApplication.php(282): CController->run('index')
#23 C:\xampp\htdocs\yiiblog\framework\web\CWebApplication.php(141): CWebApplication->runController('post/index')
#24 C:\xampp\htdocs\yiiblog\framework\base\CApplication.php(185): CWebApplication->processRequest()
#25 C:\xampp\htdocs\yiiblog\index.php(13): CApplication->run()
#26 {main}
REQUEST_URI=/index.php/post/index
HTTP_REFERER=http://localhost:8080/index.php/post/create
---
2025/03/14 16:33:46 [error] [exception.CException] CException: Property "Comment.pendingCommentCount" is not defined. in C:\xampp\htdocs\yiiblog\framework\base\CComponent.php:130
Stack trace:
#0 C:\xampp\htdocs\yiiblog\framework\db\ar\CActiveRecord.php(145): CComponent->__get('pendingCommentC...')
#1 C:\xampp\htdocs\yiiblog\protected\components\views\userMenu.php(5): CActiveRecord->__get('pendingCommentC...')
#2 C:\xampp\htdocs\yiiblog\framework\web\CBaseController.php(130): require('C:\\xampp\\htdocs...')
#3 C:\xampp\htdocs\yiiblog\framework\web\CBaseController.php(95): CBaseController->renderInternal('C:\\xampp\\htdocs...', NULL, false)
#4 C:\xampp\htdocs\yiiblog\framework\web\widgets\CWidget.php(244): CBaseController->renderFile('C:\\xampp\\htdocs...', NULL, false)
#5 C:\xampp\htdocs\yiiblog\protected\components\UserMenu.php(15): CWidget->render('userMenu')
#6 C:\xampp\htdocs\yiiblog\framework\zii\widgets\CPortlet.php(97): UserMenu->renderContent()
#7 C:\xampp\htdocs\yiiblog\framework\web\CBaseController.php(182): CPortlet->run()
#8 C:\xampp\htdocs\yiiblog\protected\views\layouts\column2.php(24): CBaseController->widget('UserMenu')
#9 C:\xampp\htdocs\yiiblog\framework\web\CBaseController.php(126): require('C:\\xampp\\htdocs...')
#10 C:\xampp\htdocs\yiiblog\framework\web\CBaseController.php(95): CBaseController->renderInternal('C:\\xampp\\htdocs...', Array, true)
#11 C:\xampp\htdocs\yiiblog\framework\web\CController.php(787): CBaseController->renderFile('C:\\xampp\\htdocs...', Array, true)
#12 C:\xampp\htdocs\yiiblog\protected\controllers\PostController.php(93): CController->render('create', Array)
#13 C:\xampp\htdocs\yiiblog\framework\web\actions\CInlineAction.php(49): PostController->actionCreate()
#14 C:\xampp\htdocs\yiiblog\framework\web\CController.php(308): CInlineAction->runWithParams(Array)
#15 C:\xampp\htdocs\yiiblog\framework\web\filters\CFilterChain.php(134): CController->runAction(Object(CInlineAction))
#16 C:\xampp\htdocs\yiiblog\framework\web\filters\CFilter.php(40): CFilterChain->run()
#17 C:\xampp\htdocs\yiiblog\framework\web\CController.php(1148): CFilter->filter(Object(CFilterChain))
#18 C:\xampp\htdocs\yiiblog\framework\web\filters\CInlineFilter.php(58): CController->filterAccessControl(Object(CFilterChain))
#19 C:\xampp\htdocs\yiiblog\framework\web\filters\CFilterChain.php(131): CInlineFilter->filter(Object(CFilterChain))
#20 C:\xampp\htdocs\yiiblog\framework\web\CController.php(291): CFilterChain->run()
#21 C:\xampp\htdocs\yiiblog\framework\web\CController.php(265): CController->runActionWithFilters(Object(CInlineAction), Array)
#22 C:\xampp\htdocs\yiiblog\framework\web\CWebApplication.php(282): CController->run('create')
#23 C:\xampp\htdocs\yiiblog\framework\web\CWebApplication.php(141): CWebApplication->runController('post/create')
#24 C:\xampp\htdocs\yiiblog\framework\base\CApplication.php(185): CWebApplication->processRequest()
#25 C:\xampp\htdocs\yiiblog\index.php(13): CApplication->run()
#26 {main}
REQUEST_URI=/index.php/post/create
HTTP_REFERER=http://localhost:8080/index.php/post
---
2025/03/14 16:33:47 [error] [exception.CException] CException: Property "Comment.pendingCommentCount" is not defined. in C:\xampp\htdocs\yiiblog\framework\base\CComponent.php:130
Stack trace:
#0 C:\xampp\htdocs\yiiblog\framework\db\ar\CActiveRecord.php(145): CComponent->__get('pendingCommentC...')
#1 C:\xampp\htdocs\yiiblog\protected\components\views\userMenu.php(5): CActiveRecord->__get('pendingCommentC...')
#2 C:\xampp\htdocs\yiiblog\framework\web\CBaseController.php(130): require('C:\\xampp\\htdocs...')
#3 C:\xampp\htdocs\yiiblog\framework\web\CBaseController.php(95): CBaseController->renderInternal('C:\\xampp\\htdocs...', NULL, false)
#4 C:\xampp\htdocs\yiiblog\framework\web\widgets\CWidget.php(244): CBaseController->renderFile('C:\\xampp\\htdocs...', NULL, false)
#5 C:\xampp\htdocs\yiiblog\protected\components\UserMenu.php(15): CWidget->render('userMenu')
#6 C:\xampp\htdocs\yiiblog\framework\zii\widgets\CPortlet.php(97): UserMenu->renderContent()
#7 C:\xampp\htdocs\yiiblog\framework\web\CBaseController.php(182): CPortlet->run()
#8 C:\xampp\htdocs\yiiblog\protected\views\layouts\column2.php(24): CBaseController->widget('UserMenu')
#9 C:\xampp\htdocs\yiiblog\framework\web\CBaseController.php(126): require('C:\\xampp\\htdocs...')
#10 C:\xampp\htdocs\yiiblog\framework\web\CBaseController.php(95): CBaseController->renderInternal('C:\\xampp\\htdocs...', Array, true)
#11 C:\xampp\htdocs\yiiblog\framework\web\CController.php(787): CBaseController->renderFile('C:\\xampp\\htdocs...', Array, true)
#12 C:\xampp\htdocs\yiiblog\protected\controllers\PostController.php(177): CController->render('index', Array)
#13 C:\xampp\htdocs\yiiblog\framework\web\actions\CInlineAction.php(49): PostController->actionIndex()
#14 C:\xampp\htdocs\yiiblog\framework\web\CController.php(308): CInlineAction->runWithParams(Array)
#15 C:\xampp\htdocs\yiiblog\framework\web\filters\CFilterChain.php(134): CController->runAction(Object(CInlineAction))
#16 C:\xampp\htdocs\yiiblog\framework\web\filters\CFilter.php(40): CFilterChain->run()
#17 C:\xampp\htdocs\yiiblog\framework\web\CController.php(1148): CFilter->filter(Object(CFilterChain))
#18 C:\xampp\htdocs\yiiblog\framework\web\filters\CInlineFilter.php(58): CController->filterAccessControl(Object(CFilterChain))
#19 C:\xampp\htdocs\yiiblog\framework\web\filters\CFilterChain.php(131): CInlineFilter->filter(Object(CFilterChain))
#20 C:\xampp\htdocs\yiiblog\framework\web\CController.php(291): CFilterChain->run()
#21 C:\xampp\htdocs\yiiblog\framework\web\CController.php(265): CController->runActionWithFilters(Object(CInlineAction), Array)
#22 C:\xampp\htdocs\yiiblog\framework\web\CWebApplication.php(282): CController->run('')
#23 C:\xampp\htdocs\yiiblog\framework\web\CWebApplication.php(141): CWebApplication->runController('post')
#24 C:\xampp\htdocs\yiiblog\framework\base\CApplication.php(185): CWebApplication->processRequest()
#25 C:\xampp\htdocs\yiiblog\index.php(13): CApplication->run()
#26 {main}
REQUEST_URI=/index.php/post
HTTP_REFERER=http://localhost:8080/index.php/comment
---
2025/03/14 16:33:47 [error] [exception.CException] CException: Property "Comment.pendingCommentCount" is not defined. in C:\xampp\htdocs\yiiblog\framework\base\CComponent.php:130
Stack trace:
#0 C:\xampp\htdocs\yiiblog\framework\db\ar\CActiveRecord.php(145): CComponent->__get('pendingCommentC...')
#1 C:\xampp\htdocs\yiiblog\protected\components\views\userMenu.php(5): CActiveRecord->__get('pendingCommentC...')
#2 C:\xampp\htdocs\yiiblog\framework\web\CBaseController.php(130): require('C:\\xampp\\htdocs...')
#3 C:\xampp\htdocs\yiiblog\framework\web\CBaseController.php(95): CBaseController->renderInternal('C:\\xampp\\htdocs...', NULL, false)
#4 C:\xampp\htdocs\yiiblog\framework\web\widgets\CWidget.php(244): CBaseController->renderFile('C:\\xampp\\htdocs...', NULL, false)
#5 C:\xampp\htdocs\yiiblog\protected\components\UserMenu.php(15): CWidget->render('userMenu')
#6 C:\xampp\htdocs\yiiblog\framework\zii\widgets\CPortlet.php(97): UserMenu->renderContent()
#7 C:\xampp\htdocs\yiiblog\framework\web\CBaseController.php(182): CPortlet->run()
#8 C:\xampp\htdocs\yiiblog\protected\views\layouts\column2.php(24): CBaseController->widget('UserMenu')
#9 C:\xampp\htdocs\yiiblog\framework\web\CBaseController.php(126): require('C:\\xampp\\htdocs...')
#10 C:\xampp\htdocs\yiiblog\framework\web\CBaseController.php(95): CBaseController->renderInternal('C:\\xampp\\htdocs...', Array, true)
#11 C:\xampp\htdocs\yiiblog\framework\web\CController.php(787): CBaseController->renderFile('C:\\xampp\\htdocs...', Array, true)
#12 C:\xampp\htdocs\yiiblog\protected\controllers\CommentController.php(142): CController->render('index', Array)
#13 C:\xampp\htdocs\yiiblog\framework\web\actions\CInlineAction.php(49): CommentController->actionIndex()
#14 C:\xampp\htdocs\yiiblog\framework\web\CController.php(308): CInlineAction->runWithParams(Array)
#15 C:\xampp\htdocs\yiiblog\framework\web\filters\CFilterChain.php(134): CController->runAction(Object(CInlineAction))
#16 C:\xampp\htdocs\yiiblog\framework\web\filters\CFilter.php(40): CFilterChain->run()
#17 C:\xampp\htdocs\yiiblog\framework\web\CController.php(1148): CFilter->filter(Object(CFilterChain))
#18 C:\xampp\htdocs\yiiblog\framework\web\filters\CInlineFilter.php(58): CController->filterAccessControl(Object(CFilterChain))
#19 C:\xampp\htdocs\yiiblog\framework\web\filters\CFilterChain.php(131): CInlineFilter->filter(Object(CFilterChain))
#20 C:\xampp\htdocs\yiiblog\framework\web\CController.php(291): CFilterChain->run()
#21 C:\xampp\htdocs\yiiblog\framework\web\CController.php(265): CController->runActionWithFilters(Object(CInlineAction), Array)
#22 C:\xampp\htdocs\yiiblog\framework\web\CWebApplication.php(282): CController->run('')
#23 C:\xampp\htdocs\yiiblog\framework\web\CWebApplication.php(141): CWebApplication->runController('comment')
#24 C:\xampp\htdocs\yiiblog\framework\base\CApplication.php(185): CWebApplication->processRequest()
#25 C:\xampp\htdocs\yiiblog\index.php(13): CApplication->run()
#26 {main}
REQUEST_URI=/index.php/comment
HTTP_REFERER=http://localhost:8080/index.php/post
---
2025/03/14 16:33:48 [error] [exception.CException] CException: Property "Comment.pendingCommentCount" is not defined. in C:\xampp\htdocs\yiiblog\framework\base\CComponent.php:130
Stack trace:
#0 C:\xampp\htdocs\yiiblog\framework\db\ar\CActiveRecord.php(145): CComponent->__get('pendingCommentC...')
#1 C:\xampp\htdocs\yiiblog\protected\components\views\userMenu.php(5): CActiveRecord->__get('pendingCommentC...')
#2 C:\xampp\htdocs\yiiblog\framework\web\CBaseController.php(130): require('C:\\xampp\\htdocs...')
#3 C:\xampp\htdocs\yiiblog\framework\web\CBaseController.php(95): CBaseController->renderInternal('C:\\xampp\\htdocs...', NULL, false)
#4 C:\xampp\htdocs\yiiblog\framework\web\widgets\CWidget.php(244): CBaseController->renderFile('C:\\xampp\\htdocs...', NULL, false)
#5 C:\xampp\htdocs\yiiblog\protected\components\UserMenu.php(15): CWidget->render('userMenu')
#6 C:\xampp\htdocs\yiiblog\framework\zii\widgets\CPortlet.php(97): UserMenu->renderContent()
#7 C:\xampp\htdocs\yiiblog\framework\web\CBaseController.php(182): CPortlet->run()
#8 C:\xampp\htdocs\yiiblog\protected\views\layouts\column2.php(24): CBaseController->widget('UserMenu')
#9 C:\xampp\htdocs\yiiblog\framework\web\CBaseController.php(126): require('C:\\xampp\\htdocs...')
#10 C:\xampp\htdocs\yiiblog\framework\web\CBaseController.php(95): CBaseController->renderInternal('C:\\xampp\\htdocs...', Array, true)
#11 C:\xampp\htdocs\yiiblog\framework\web\CController.php(787): CBaseController->renderFile('C:\\xampp\\htdocs...', Array, true)
#12 C:\xampp\htdocs\yiiblog\protected\controllers\PostController.php(177): CController->render('index', Array)
#13 C:\xampp\htdocs\yiiblog\framework\web\actions\CInlineAction.php(49): PostController->actionIndex()
#14 C:\xampp\htdocs\yiiblog\framework\web\CController.php(308): CInlineAction->runWithParams(Array)
#15 C:\xampp\htdocs\yiiblog\framework\web\filters\CFilterChain.php(134): CController->runAction(Object(CInlineAction))
#16 C:\xampp\htdocs\yiiblog\framework\web\filters\CFilter.php(40): CFilterChain->run()
#17 C:\xampp\htdocs\yiiblog\framework\web\CController.php(1148): CFilter->filter(Object(CFilterChain))
#18 C:\xampp\htdocs\yiiblog\framework\web\filters\CInlineFilter.php(58): CController->filterAccessControl(Object(CFilterChain))
#19 C:\xampp\htdocs\yiiblog\framework\web\filters\CFilterChain.php(131): CInlineFilter->filter(Object(CFilterChain))
#20 C:\xampp\htdocs\yiiblog\framework\web\CController.php(291): CFilterChain->run()
#21 C:\xampp\htdocs\yiiblog\framework\web\CController.php(265): CController->runActionWithFilters(Object(CInlineAction), Array)
#22 C:\xampp\htdocs\yiiblog\framework\web\CWebApplication.php(282): CController->run('')
#23 C:\xampp\htdocs\yiiblog\framework\web\CWebApplication.php(141): CWebApplication->runController('post')
#24 C:\xampp\htdocs\yiiblog\framework\base\CApplication.php(185): CWebApplication->processRequest()
#25 C:\xampp\htdocs\yiiblog\index.php(13): CApplication->run()
#26 {main}
REQUEST_URI=/index.php/post
HTTP_REFERER=http://localhost:8080/index.php/comment
---
2025/03/14 16:33:48 [error] [exception.CException] CException: Property "Comment.pendingCommentCount" is not defined. in C:\xampp\htdocs\yiiblog\framework\base\CComponent.php:130
Stack trace:
#0 C:\xampp\htdocs\yiiblog\framework\db\ar\CActiveRecord.php(145): CComponent->__get('pendingCommentC...')
#1 C:\xampp\htdocs\yiiblog\protected\components\views\userMenu.php(5): CActiveRecord->__get('pendingCommentC...')
#2 C:\xampp\htdocs\yiiblog\framework\web\CBaseController.php(130): require('C:\\xampp\\htdocs...')
#3 C:\xampp\htdocs\yiiblog\framework\web\CBaseController.php(95): CBaseController->renderInternal('C:\\xampp\\htdocs...', NULL, false)
#4 C:\xampp\htdocs\yiiblog\framework\web\widgets\CWidget.php(244): CBaseController->renderFile('C:\\xampp\\htdocs...', NULL, false)
#5 C:\xampp\htdocs\yiiblog\protected\components\UserMenu.php(15): CWidget->render('userMenu')
#6 C:\xampp\htdocs\yiiblog\framework\zii\widgets\CPortlet.php(97): UserMenu->renderContent()
#7 C:\xampp\htdocs\yiiblog\framework\web\CBaseController.php(182): CPortlet->run()
#8 C:\xampp\htdocs\yiiblog\protected\views\layouts\column2.php(24): CBaseController->widget('UserMenu')
#9 C:\xampp\htdocs\yiiblog\framework\web\CBaseController.php(126): require('C:\\xampp\\htdocs...')
#10 C:\xampp\htdocs\yiiblog\framework\web\CBaseController.php(95): CBaseController->renderInternal('C:\\xampp\\htdocs...', Array, true)
#11 C:\xampp\htdocs\yiiblog\framework\web\CController.php(787): CBaseController->renderFile('C:\\xampp\\htdocs...', Array, true)
#12 C:\xampp\htdocs\yiiblog\protected\controllers\CommentController.php(142): CController->render('index', Array)
#13 C:\xampp\htdocs\yiiblog\framework\web\actions\CInlineAction.php(49): CommentController->actionIndex()
#14 C:\xampp\htdocs\yiiblog\framework\web\CController.php(308): CInlineAction->runWithParams(Array)
#15 C:\xampp\htdocs\yiiblog\framework\web\filters\CFilterChain.php(134): CController->runAction(Object(CInlineAction))
#16 C:\xampp\htdocs\yiiblog\framework\web\filters\CFilter.php(40): CFilterChain->run()
#17 C:\xampp\htdocs\yiiblog\framework\web\CController.php(1148): CFilter->filter(Object(CFilterChain))
#18 C:\xampp\htdocs\yiiblog\framework\web\filters\CInlineFilter.php(58): CController->filterAccessControl(Object(CFilterChain))
#19 C:\xampp\htdocs\yiiblog\framework\web\filters\CFilterChain.php(131): CInlineFilter->filter(Object(CFilterChain))
#20 C:\xampp\htdocs\yiiblog\framework\web\CController.php(291): CFilterChain->run()
#21 C:\xampp\htdocs\yiiblog\framework\web\CController.php(265): CController->runActionWithFilters(Object(CInlineAction), Array)
#22 C:\xampp\htdocs\yiiblog\framework\web\CWebApplication.php(282): CController->run('')
#23 C:\xampp\htdocs\yiiblog\framework\web\CWebApplication.php(141): CWebApplication->runController('comment')
#24 C:\xampp\htdocs\yiiblog\framework\base\CApplication.php(185): CWebApplication->processRequest()
#25 C:\xampp\htdocs\yiiblog\index.php(13): CApplication->run()
#26 {main}
REQUEST_URI=/index.php/comment
HTTP_REFERER=http://localhost:8080/index.php/post
---
2025/03/14 16:33:48 [error] [exception.CException] CException: Property "Comment.pendingCommentCount" is not defined. in C:\xampp\htdocs\yiiblog\framework\base\CComponent.php:130
Stack trace:
#0 C:\xampp\htdocs\yiiblog\framework\db\ar\CActiveRecord.php(145): CComponent->__get('pendingCommentC...')
#1 C:\xampp\htdocs\yiiblog\protected\components\views\userMenu.php(5): CActiveRecord->__get('pendingCommentC...')
#2 C:\xampp\htdocs\yiiblog\framework\web\CBaseController.php(130): require('C:\\xampp\\htdocs...')
#3 C:\xampp\htdocs\yiiblog\framework\web\CBaseController.php(95): CBaseController->renderInternal('C:\\xampp\\htdocs...', NULL, false)
#4 C:\xampp\htdocs\yiiblog\framework\web\widgets\CWidget.php(244): CBaseController->renderFile('C:\\xampp\\htdocs...', NULL, false)
#5 C:\xampp\htdocs\yiiblog\protected\components\UserMenu.php(15): CWidget->render('userMenu')
#6 C:\xampp\htdocs\yiiblog\framework\zii\widgets\CPortlet.php(97): UserMenu->renderContent()
#7 C:\xampp\htdocs\yiiblog\framework\web\CBaseController.php(182): CPortlet->run()
#8 C:\xampp\htdocs\yiiblog\protected\views\layouts\column2.php(24): CBaseController->widget('UserMenu')
#9 C:\xampp\htdocs\yiiblog\framework\web\CBaseController.php(126): require('C:\\xampp\\htdocs...')
#10 C:\xampp\htdocs\yiiblog\framework\web\CBaseController.php(95): CBaseController->renderInternal('C:\\xampp\\htdocs...', Array, true)
#11 C:\xampp\htdocs\yiiblog\framework\web\CController.php(787): CBaseController->renderFile('C:\\xampp\\htdocs...', Array, true)
#12 C:\xampp\htdocs\yiiblog\protected\controllers\CommentController.php(142): CController->render('index', Array)
#13 C:\xampp\htdocs\yiiblog\framework\web\actions\CInlineAction.php(49): CommentController->actionIndex()
#14 C:\xampp\htdocs\yiiblog\framework\web\CController.php(308): CInlineAction->runWithParams(Array)
#15 C:\xampp\htdocs\yiiblog\framework\web\filters\CFilterChain.php(134): CController->runAction(Object(CInlineAction))
#16 C:\xampp\htdocs\yiiblog\framework\web\filters\CFilter.php(40): CFilterChain->run()
#17 C:\xampp\htdocs\yiiblog\framework\web\CController.php(1148): CFilter->filter(Object(CFilterChain))
#18 C:\xampp\htdocs\yiiblog\framework\web\filters\CInlineFilter.php(58): CController->filterAccessControl(Object(CFilterChain))
#19 C:\xampp\htdocs\yiiblog\framework\web\filters\CFilterChain.php(131): CInlineFilter->filter(Object(CFilterChain))
#20 C:\xampp\htdocs\yiiblog\framework\web\CController.php(291): CFilterChain->run()
#21 C:\xampp\htdocs\yiiblog\framework\web\CController.php(265): CController->runActionWithFilters(Object(CInlineAction), Array)
#22 C:\xampp\htdocs\yiiblog\framework\web\CWebApplication.php(282): CController->run('')
#23 C:\xampp\htdocs\yiiblog\framework\web\CWebApplication.php(141): CWebApplication->runController('comment')
#24 C:\xampp\htdocs\yiiblog\framework\base\CApplication.php(185): CWebApplication->processRequest()
#25 C:\xampp\htdocs\yiiblog\index.php(13): CApplication->run()
#26 {main}
REQUEST_URI=/index.php/comment
HTTP_REFERER=http://localhost:8080/index.php/post
---
2025/03/14 16:33:48 [error] [exception.CException] CException: Property "Comment.pendingCommentCount" is not defined. in C:\xampp\htdocs\yiiblog\framework\base\CComponent.php:130
Stack trace:
#0 C:\xampp\htdocs\yiiblog\framework\db\ar\CActiveRecord.php(145): CComponent->__get('pendingCommentC...')
#1 C:\xampp\htdocs\yiiblog\protected\components\views\userMenu.php(5): CActiveRecord->__get('pendingCommentC...')
#2 C:\xampp\htdocs\yiiblog\framework\web\CBaseController.php(130): require('C:\\xampp\\htdocs...')
#3 C:\xampp\htdocs\yiiblog\framework\web\CBaseController.php(95): CBaseController->renderInternal('C:\\xampp\\htdocs...', NULL, false)
#4 C:\xampp\htdocs\yiiblog\framework\web\widgets\CWidget.php(244): CBaseController->renderFile('C:\\xampp\\htdocs...', NULL, false)
#5 C:\xampp\htdocs\yiiblog\protected\components\UserMenu.php(15): CWidget->render('userMenu')
#6 C:\xampp\htdocs\yiiblog\framework\zii\widgets\CPortlet.php(97): UserMenu->renderContent()
#7 C:\xampp\htdocs\yiiblog\framework\web\CBaseController.php(182): CPortlet->run()
#8 C:\xampp\htdocs\yiiblog\protected\views\layouts\column2.php(24): CBaseController->widget('UserMenu')
#9 C:\xampp\htdocs\yiiblog\framework\web\CBaseController.php(126): require('C:\\xampp\\htdocs...')
#10 C:\xampp\htdocs\yiiblog\framework\web\CBaseController.php(95): CBaseController->renderInternal('C:\\xampp\\htdocs...', Array, true)
#11 C:\xampp\htdocs\yiiblog\framework\web\CController.php(787): CBaseController->renderFile('C:\\xampp\\htdocs...', Array, true)
#12 C:\xampp\htdocs\yiiblog\protected\controllers\CommentController.php(142): CController->render('index', Array)
#13 C:\xampp\htdocs\yiiblog\framework\web\actions\CInlineAction.php(49): CommentController->actionIndex()
#14 C:\xampp\htdocs\yiiblog\framework\web\CController.php(308): CInlineAction->runWithParams(Array)
#15 C:\xampp\htdocs\yiiblog\framework\web\filters\CFilterChain.php(134): CController->runAction(Object(CInlineAction))
#16 C:\xampp\htdocs\yiiblog\framework\web\filters\CFilter.php(40): CFilterChain->run()
#17 C:\xampp\htdocs\yiiblog\framework\web\CController.php(1148): CFilter->filter(Object(CFilterChain))
#18 C:\xampp\htdocs\yiiblog\framework\web\filters\CInlineFilter.php(58): CController->filterAccessControl(Object(CFilterChain))
#19 C:\xampp\htdocs\yiiblog\framework\web\filters\CFilterChain.php(131): CInlineFilter->filter(Object(CFilterChain))
#20 C:\xampp\htdocs\yiiblog\framework\web\CController.php(291): CFilterChain->run()
#21 C:\xampp\htdocs\yiiblog\framework\web\CController.php(265): CController->runActionWithFilters(Object(CInlineAction), Array)
#22 C:\xampp\htdocs\yiiblog\framework\web\CWebApplication.php(282): CController->run('')
#23 C:\xampp\htdocs\yiiblog\framework\web\CWebApplication.php(141): CWebApplication->runController('comment')
#24 C:\xampp\htdocs\yiiblog\framework\base\CApplication.php(185): CWebApplication->processRequest()
#25 C:\xampp\htdocs\yiiblog\index.php(13): CApplication->run()
#26 {main}
REQUEST_URI=/index.php/comment
HTTP_REFERER=http://localhost:8080/index.php/post
---
2025/03/14 16:33:49 [error] [exception.CException] CException: Property "Comment.pendingCommentCount" is not defined. in C:\xampp\htdocs\yiiblog\framework\base\CComponent.php:130
Stack trace:
#0 C:\xampp\htdocs\yiiblog\framework\db\ar\CActiveRecord.php(145): CComponent->__get('pendingCommentC...')
#1 C:\xampp\htdocs\yiiblog\protected\components\views\userMenu.php(5): CActiveRecord->__get('pendingCommentC...')
#2 C:\xampp\htdocs\yiiblog\framework\web\CBaseController.php(130): require('C:\\xampp\\htdocs...')
#3 C:\xampp\htdocs\yiiblog\framework\web\CBaseController.php(95): CBaseController->renderInternal('C:\\xampp\\htdocs...', NULL, false)
#4 C:\xampp\htdocs\yiiblog\framework\web\widgets\CWidget.php(244): CBaseController->renderFile('C:\\xampp\\htdocs...', NULL, false)
#5 C:\xampp\htdocs\yiiblog\protected\components\UserMenu.php(15): CWidget->render('userMenu')
#6 C:\xampp\htdocs\yiiblog\framework\zii\widgets\CPortlet.php(97): UserMenu->renderContent()
#7 C:\xampp\htdocs\yiiblog\framework\web\CBaseController.php(182): CPortlet->run()
#8 C:\xampp\htdocs\yiiblog\protected\views\layouts\column2.php(24): CBaseController->widget('UserMenu')
#9 C:\xampp\htdocs\yiiblog\framework\web\CBaseController.php(126): require('C:\\xampp\\htdocs...')
#10 C:\xampp\htdocs\yiiblog\framework\web\CBaseController.php(95): CBaseController->renderInternal('C:\\xampp\\htdocs...', Array, true)
#11 C:\xampp\htdocs\yiiblog\framework\web\CController.php(787): CBaseController->renderFile('C:\\xampp\\htdocs...', Array, true)
#12 C:\xampp\htdocs\yiiblog\protected\controllers\CommentController.php(142): CController->render('index', Array)
#13 C:\xampp\htdocs\yiiblog\framework\web\actions\CInlineAction.php(49): CommentController->actionIndex()
#14 C:\xampp\htdocs\yiiblog\framework\web\CController.php(308): CInlineAction->runWithParams(Array)
#15 C:\xampp\htdocs\yiiblog\framework\web\filters\CFilterChain.php(134): CController->runAction(Object(CInlineAction))
#16 C:\xampp\htdocs\yiiblog\framework\web\filters\CFilter.php(40): CFilterChain->run()
#17 C:\xampp\htdocs\yiiblog\framework\web\CController.php(1148): CFilter->filter(Object(CFilterChain))
#18 C:\xampp\htdocs\yiiblog\framework\web\filters\CInlineFilter.php(58): CController->filterAccessControl(Object(CFilterChain))
#19 C:\xampp\htdocs\yiiblog\framework\web\filters\CFilterChain.php(131): CInlineFilter->filter(Object(CFilterChain))
#20 C:\xampp\htdocs\yiiblog\framework\web\CController.php(291): CFilterChain->run()
#21 C:\xampp\htdocs\yiiblog\framework\web\CController.php(265): CController->runActionWithFilters(Object(CInlineAction), Array)
#22 C:\xampp\htdocs\yiiblog\framework\web\CWebApplication.php(282): CController->run('')
#23 C:\xampp\htdocs\yiiblog\framework\web\CWebApplication.php(141): CWebApplication->runController('comment')
#24 C:\xampp\htdocs\yiiblog\framework\base\CApplication.php(185): CWebApplication->processRequest()
#25 C:\xampp\htdocs\yiiblog\index.php(13): CApplication->run()
#26 {main}
REQUEST_URI=/index.php/comment
HTTP_REFERER=http://localhost:8080/index.php/post
---
2025/03/14 16:33:49 [error] [exception.CException] CException: Property "Comment.pendingCommentCount" is not defined. in C:\xampp\htdocs\yiiblog\framework\base\CComponent.php:130
Stack trace:
#0 C:\xampp\htdocs\yiiblog\framework\db\ar\CActiveRecord.php(145): CComponent->__get('pendingCommentC...')
#1 C:\xampp\htdocs\yiiblog\protected\components\views\userMenu.php(5): CActiveRecord->__get('pendingCommentC...')
#2 C:\xampp\htdocs\yiiblog\framework\web\CBaseController.php(130): require('C:\\xampp\\htdocs...')
#3 C:\xampp\htdocs\yiiblog\framework\web\CBaseController.php(95): CBaseController->renderInternal('C:\\xampp\\htdocs...', NULL, false)
#4 C:\xampp\htdocs\yiiblog\framework\web\widgets\CWidget.php(244): CBaseController->renderFile('C:\\xampp\\htdocs...', NULL, false)
#5 C:\xampp\htdocs\yiiblog\protected\components\UserMenu.php(15): CWidget->render('userMenu')
#6 C:\xampp\htdocs\yiiblog\framework\zii\widgets\CPortlet.php(97): UserMenu->renderContent()
#7 C:\xampp\htdocs\yiiblog\framework\web\CBaseController.php(182): CPortlet->run()
#8 C:\xampp\htdocs\yiiblog\protected\views\layouts\column2.php(24): CBaseController->widget('UserMenu')
#9 C:\xampp\htdocs\yiiblog\framework\web\CBaseController.php(126): require('C:\\xampp\\htdocs...')
#10 C:\xampp\htdocs\yiiblog\framework\web\CBaseController.php(95): CBaseController->renderInternal('C:\\xampp\\htdocs...', Array, true)
#11 C:\xampp\htdocs\yiiblog\framework\web\CController.php(787): CBaseController->renderFile('C:\\xampp\\htdocs...', Array, true)
#12 C:\xampp\htdocs\yiiblog\protected\controllers\CommentController.php(142): CController->render('index', Array)
#13 C:\xampp\htdocs\yiiblog\framework\web\actions\CInlineAction.php(49): CommentController->actionIndex()
#14 C:\xampp\htdocs\yiiblog\framework\web\CController.php(308): CInlineAction->runWithParams(Array)
#15 C:\xampp\htdocs\yiiblog\framework\web\filters\CFilterChain.php(134): CController->runAction(Object(CInlineAction))
#16 C:\xampp\htdocs\yiiblog\framework\web\filters\CFilter.php(40): CFilterChain->run()
#17 C:\xampp\htdocs\yiiblog\framework\web\CController.php(1148): CFilter->filter(Object(CFilterChain))
#18 C:\xampp\htdocs\yiiblog\framework\web\filters\CInlineFilter.php(58): CController->filterAccessControl(Object(CFilterChain))
#19 C:\xampp\htdocs\yiiblog\framework\web\filters\CFilterChain.php(131): CInlineFilter->filter(Object(CFilterChain))
#20 C:\xampp\htdocs\yiiblog\framework\web\CController.php(291): CFilterChain->run()
#21 C:\xampp\htdocs\yiiblog\framework\web\CController.php(265): CController->runActionWithFilters(Object(CInlineAction), Array)
#22 C:\xampp\htdocs\yiiblog\framework\web\CWebApplication.php(282): CController->run('')
#23 C:\xampp\htdocs\yiiblog\framework\web\CWebApplication.php(141): CWebApplication->runController('comment')
#24 C:\xampp\htdocs\yiiblog\framework\base\CApplication.php(185): CWebApplication->processRequest()
#25 C:\xampp\htdocs\yiiblog\index.php(13): CApplication->run()
#26 {main}
REQUEST_URI=/index.php/comment
HTTP_REFERER=http://localhost:8080/index.php/post
---
2025/03/14 16:33:49 [error] [exception.CException] CException: Property "Comment.pendingCommentCount" is not defined. in C:\xampp\htdocs\yiiblog\framework\base\CComponent.php:130
Stack trace:
#0 C:\xampp\htdocs\yiiblog\framework\db\ar\CActiveRecord.php(145): CComponent->__get('pendingCommentC...')
#1 C:\xampp\htdocs\yiiblog\protected\components\views\userMenu.php(5): CActiveRecord->__get('pendingCommentC...')
#2 C:\xampp\htdocs\yiiblog\framework\web\CBaseController.php(130): require('C:\\xampp\\htdocs...')
#3 C:\xampp\htdocs\yiiblog\framework\web\CBaseController.php(95): CBaseController->renderInternal('C:\\xampp\\htdocs...', NULL, false)
#4 C:\xampp\htdocs\yiiblog\framework\web\widgets\CWidget.php(244): CBaseController->renderFile('C:\\xampp\\htdocs...', NULL, false)
#5 C:\xampp\htdocs\yiiblog\protected\components\UserMenu.php(15): CWidget->render('userMenu')
#6 C:\xampp\htdocs\yiiblog\framework\zii\widgets\CPortlet.php(97): UserMenu->renderContent()
#7 C:\xampp\htdocs\yiiblog\framework\web\CBaseController.php(182): CPortlet->run()
#8 C:\xampp\htdocs\yiiblog\protected\views\layouts\column2.php(24): CBaseController->widget('UserMenu')
#9 C:\xampp\htdocs\yiiblog\framework\web\CBaseController.php(126): require('C:\\xampp\\htdocs...')
#10 C:\xampp\htdocs\yiiblog\framework\web\CBaseController.php(95): CBaseController->renderInternal('C:\\xampp\\htdocs...', Array, true)
#11 C:\xampp\htdocs\yiiblog\framework\web\CController.php(787): CBaseController->renderFile('C:\\xampp\\htdocs...', Array, true)
#12 C:\xampp\htdocs\yiiblog\protected\controllers\CommentController.php(142): CController->render('index', Array)
#13 C:\xampp\htdocs\yiiblog\framework\web\actions\CInlineAction.php(49): CommentController->actionIndex()
#14 C:\xampp\htdocs\yiiblog\framework\web\CController.php(308): CInlineAction->runWithParams(Array)
#15 C:\xampp\htdocs\yiiblog\framework\web\filters\CFilterChain.php(134): CController->runAction(Object(CInlineAction))
#16 C:\xampp\htdocs\yiiblog\framework\web\filters\CFilter.php(40): CFilterChain->run()
#17 C:\xampp\htdocs\yiiblog\framework\web\CController.php(1148): CFilter->filter(Object(CFilterChain))
#18 C:\xampp\htdocs\yiiblog\framework\web\filters\CInlineFilter.php(58): CController->filterAccessControl(Object(CFilterChain))
#19 C:\xampp\htdocs\yiiblog\framework\web\filters\CFilterChain.php(131): CInlineFilter->filter(Object(CFilterChain))
#20 C:\xampp\htdocs\yiiblog\framework\web\CController.php(291): CFilterChain->run()
#21 C:\xampp\htdocs\yiiblog\framework\web\CController.php(265): CController->runActionWithFilters(Object(CInlineAction), Array)
#22 C:\xampp\htdocs\yiiblog\framework\web\CWebApplication.php(282): CController->run('')
#23 C:\xampp\htdocs\yiiblog\framework\web\CWebApplication.php(141): CWebApplication->runController('comment')
#24 C:\xampp\htdocs\yiiblog\framework\base\CApplication.php(185): CWebApplication->processRequest()
#25 C:\xampp\htdocs\yiiblog\index.php(13): CApplication->run()
#26 {main}
REQUEST_URI=/index.php/comment
HTTP_REFERER=http://localhost:8080/index.php/post
---
2025/03/14 16:33:49 [error] [exception.CException] CException: Property "Comment.pendingCommentCount" is not defined. in C:\xampp\htdocs\yiiblog\framework\base\CComponent.php:130
Stack trace:
#0 C:\xampp\htdocs\yiiblog\framework\db\ar\CActiveRecord.php(145): CComponent->__get('pendingCommentC...')
#1 C:\xampp\htdocs\yiiblog\protected\components\views\userMenu.php(5): CActiveRecord->__get('pendingCommentC...')
#2 C:\xampp\htdocs\yiiblog\framework\web\CBaseController.php(130): require('C:\\xampp\\htdocs...')
#3 C:\xampp\htdocs\yiiblog\framework\web\CBaseController.php(95): CBaseController->renderInternal('C:\\xampp\\htdocs...', NULL, false)
#4 C:\xampp\htdocs\yiiblog\framework\web\widgets\CWidget.php(244): CBaseController->renderFile('C:\\xampp\\htdocs...', NULL, false)
#5 C:\xampp\htdocs\yiiblog\protected\components\UserMenu.php(15): CWidget->render('userMenu')
#6 C:\xampp\htdocs\yiiblog\framework\zii\widgets\CPortlet.php(97): UserMenu->renderContent()
#7 C:\xampp\htdocs\yiiblog\framework\web\CBaseController.php(182): CPortlet->run()
#8 C:\xampp\htdocs\yiiblog\protected\views\layouts\column2.php(24): CBaseController->widget('UserMenu')
#9 C:\xampp\htdocs\yiiblog\framework\web\CBaseController.php(126): require('C:\\xampp\\htdocs...')
#10 C:\xampp\htdocs\yiiblog\framework\web\CBaseController.php(95): CBaseController->renderInternal('C:\\xampp\\htdocs...', Array, true)
#11 C:\xampp\htdocs\yiiblog\framework\web\CController.php(787): CBaseController->renderFile('C:\\xampp\\htdocs...', Array, true)
#12 C:\xampp\htdocs\yiiblog\protected\controllers\CommentController.php(142): CController->render('index', Array)
#13 C:\xampp\htdocs\yiiblog\framework\web\actions\CInlineAction.php(49): CommentController->actionIndex()
#14 C:\xampp\htdocs\yiiblog\framework\web\CController.php(308): CInlineAction->runWithParams(Array)
#15 C:\xampp\htdocs\yiiblog\framework\web\filters\CFilterChain.php(134): CController->runAction(Object(CInlineAction))
#16 C:\xampp\htdocs\yiiblog\framework\web\filters\CFilter.php(40): CFilterChain->run()
#17 C:\xampp\htdocs\yiiblog\framework\web\CController.php(1148): CFilter->filter(Object(CFilterChain))
#18 C:\xampp\htdocs\yiiblog\framework\web\filters\CInlineFilter.php(58): CController->filterAccessControl(Object(CFilterChain))
#19 C:\xampp\htdocs\yiiblog\framework\web\filters\CFilterChain.php(131): CInlineFilter->filter(Object(CFilterChain))
#20 C:\xampp\htdocs\yiiblog\framework\web\CController.php(291): CFilterChain->run()
#21 C:\xampp\htdocs\yiiblog\framework\web\CController.php(265): CController->runActionWithFilters(Object(CInlineAction), Array)
#22 C:\xampp\htdocs\yiiblog\framework\web\CWebApplication.php(282): CController->run('')
#23 C:\xampp\htdocs\yiiblog\framework\web\CWebApplication.php(141): CWebApplication->runController('comment')
#24 C:\xampp\htdocs\yiiblog\framework\base\CApplication.php(185): CWebApplication->processRequest()
#25 C:\xampp\htdocs\yiiblog\index.php(13): CApplication->run()
#26 {main}
REQUEST_URI=/index.php/comment
HTTP_REFERER=http://localhost:8080/index.php/post
---
2025/03/14 16:33:50 [error] [exception.CException] CException: Property "Comment.pendingCommentCount" is not defined. in C:\xampp\htdocs\yiiblog\framework\base\CComponent.php:130
Stack trace:
#0 C:\xampp\htdocs\yiiblog\framework\db\ar\CActiveRecord.php(145): CComponent->__get('pendingCommentC...')
#1 C:\xampp\htdocs\yiiblog\protected\components\views\userMenu.php(5): CActiveRecord->__get('pendingCommentC...')
#2 C:\xampp\htdocs\yiiblog\framework\web\CBaseController.php(130): require('C:\\xampp\\htdocs...')
#3 C:\xampp\htdocs\yiiblog\framework\web\CBaseController.php(95): CBaseController->renderInternal('C:\\xampp\\htdocs...', NULL, false)
#4 C:\xampp\htdocs\yiiblog\framework\web\widgets\CWidget.php(244): CBaseController->renderFile('C:\\xampp\\htdocs...', NULL, false)
#5 C:\xampp\htdocs\yiiblog\protected\components\UserMenu.php(15): CWidget->render('userMenu')
#6 C:\xampp\htdocs\yiiblog\framework\zii\widgets\CPortlet.php(97): UserMenu->renderContent()
#7 C:\xampp\htdocs\yiiblog\framework\web\CBaseController.php(182): CPortlet->run()
#8 C:\xampp\htdocs\yiiblog\protected\views\layouts\column2.php(24): CBaseController->widget('UserMenu')
#9 C:\xampp\htdocs\yiiblog\framework\web\CBaseController.php(126): require('C:\\xampp\\htdocs...')
#10 C:\xampp\htdocs\yiiblog\framework\web\CBaseController.php(95): CBaseController->renderInternal('C:\\xampp\\htdocs...', Array, true)
#11 C:\xampp\htdocs\yiiblog\framework\web\CController.php(787): CBaseController->renderFile('C:\\xampp\\htdocs...', Array, true)
#12 C:\xampp\htdocs\yiiblog\protected\controllers\CommentController.php(142): CController->render('index', Array)
#13 C:\xampp\htdocs\yiiblog\framework\web\actions\CInlineAction.php(49): CommentController->actionIndex()
#14 C:\xampp\htdocs\yiiblog\framework\web\CController.php(308): CInlineAction->runWithParams(Array)
#15 C:\xampp\htdocs\yiiblog\framework\web\filters\CFilterChain.php(134): CController->runAction(Object(CInlineAction))
#16 C:\xampp\htdocs\yiiblog\framework\web\filters\CFilter.php(40): CFilterChain->run()
#17 C:\xampp\htdocs\yiiblog\framework\web\CController.php(1148): CFilter->filter(Object(CFilterChain))
#18 C:\xampp\htdocs\yiiblog\framework\web\filters\CInlineFilter.php(58): CController->filterAccessControl(Object(CFilterChain))
#19 C:\xampp\htdocs\yiiblog\framework\web\filters\CFilterChain.php(131): CInlineFilter->filter(Object(CFilterChain))
#20 C:\xampp\htdocs\yiiblog\framework\web\CController.php(291): CFilterChain->run()
#21 C:\xampp\htdocs\yiiblog\framework\web\CController.php(265): CController->runActionWithFilters(Object(CInlineAction), Array)
#22 C:\xampp\htdocs\yiiblog\framework\web\CWebApplication.php(282): CController->run('')
#23 C:\xampp\htdocs\yiiblog\framework\web\CWebApplication.php(141): CWebApplication->runController('comment')
#24 C:\xampp\htdocs\yiiblog\framework\base\CApplication.php(185): CWebApplication->processRequest()
#25 C:\xampp\htdocs\yiiblog\index.php(13): CApplication->run()
#26 {main}
REQUEST_URI=/index.php/comment
HTTP_REFERER=http://localhost:8080/index.php/post
---
2025/03/14 16:33:50 [error] [exception.CException] CException: Property "Comment.pendingCommentCount" is not defined. in C:\xampp\htdocs\yiiblog\framework\base\CComponent.php:130
Stack trace:
#0 C:\xampp\htdocs\yiiblog\framework\db\ar\CActiveRecord.php(145): CComponent->__get('pendingCommentC...')
#1 C:\xampp\htdocs\yiiblog\protected\components\views\userMenu.php(5): CActiveRecord->__get('pendingCommentC...')
#2 C:\xampp\htdocs\yiiblog\framework\web\CBaseController.php(130): require('C:\\xampp\\htdocs...')
#3 C:\xampp\htdocs\yiiblog\framework\web\CBaseController.php(95): CBaseController->renderInternal('C:\\xampp\\htdocs...', NULL, false)
#4 C:\xampp\htdocs\yiiblog\framework\web\widgets\CWidget.php(244): CBaseController->renderFile('C:\\xampp\\htdocs...', NULL, false)
#5 C:\xampp\htdocs\yiiblog\protected\components\UserMenu.php(15): CWidget->render('userMenu')
#6 C:\xampp\htdocs\yiiblog\framework\zii\widgets\CPortlet.php(97): UserMenu->renderContent()
#7 C:\xampp\htdocs\yiiblog\framework\web\CBaseController.php(182): CPortlet->run()
#8 C:\xampp\htdocs\yiiblog\protected\views\layouts\column2.php(24): CBaseController->widget('UserMenu')
#9 C:\xampp\htdocs\yiiblog\framework\web\CBaseController.php(126): require('C:\\xampp\\htdocs...')
#10 C:\xampp\htdocs\yiiblog\framework\web\CBaseController.php(95): CBaseController->renderInternal('C:\\xampp\\htdocs...', Array, true)
#11 C:\xampp\htdocs\yiiblog\framework\web\CController.php(787): CBaseController->renderFile('C:\\xampp\\htdocs...', Array, true)
#12 C:\xampp\htdocs\yiiblog\protected\controllers\CommentController.php(142): CController->render('index', Array)
#13 C:\xampp\htdocs\yiiblog\framework\web\actions\CInlineAction.php(49): CommentController->actionIndex()
#14 C:\xampp\htdocs\yiiblog\framework\web\CController.php(308): CInlineAction->runWithParams(Array)
#15 C:\xampp\htdocs\yiiblog\framework\web\filters\CFilterChain.php(134): CController->runAction(Object(CInlineAction))
#16 C:\xampp\htdocs\yiiblog\framework\web\filters\CFilter.php(40): CFilterChain->run()
#17 C:\xampp\htdocs\yiiblog\framework\web\CController.php(1148): CFilter->filter(Object(CFilterChain))
#18 C:\xampp\htdocs\yiiblog\framework\web\filters\CInlineFilter.php(58): CController->filterAccessControl(Object(CFilterChain))
#19 C:\xampp\htdocs\yiiblog\framework\web\filters\CFilterChain.php(131): CInlineFilter->filter(Object(CFilterChain))
#20 C:\xampp\htdocs\yiiblog\framework\web\CController.php(291): CFilterChain->run()
#21 C:\xampp\htdocs\yiiblog\framework\web\CController.php(265): CController->runActionWithFilters(Object(CInlineAction), Array)
#22 C:\xampp\htdocs\yiiblog\framework\web\CWebApplication.php(282): CController->run('')
#23 C:\xampp\htdocs\yiiblog\framework\web\CWebApplication.php(141): CWebApplication->runController('comment')
#24 C:\xampp\htdocs\yiiblog\framework\base\CApplication.php(185): CWebApplication->processRequest()
#25 C:\xampp\htdocs\yiiblog\index.php(13): CApplication->run()
#26 {main}
REQUEST_URI=/index.php/comment
HTTP_REFERER=http://localhost:8080/index.php/post
---
2025/03/14 16:33:50 [error] [exception.CException] CException: Property "Comment.pendingCommentCount" is not defined. in C:\xampp\htdocs\yiiblog\framework\base\CComponent.php:130
Stack trace:
#0 C:\xampp\htdocs\yiiblog\framework\db\ar\CActiveRecord.php(145): CComponent->__get('pendingCommentC...')
#1 C:\xampp\htdocs\yiiblog\protected\components\views\userMenu.php(5): CActiveRecord->__get('pendingCommentC...')
#2 C:\xampp\htdocs\yiiblog\framework\web\CBaseController.php(130): require('C:\\xampp\\htdocs...')
#3 C:\xampp\htdocs\yiiblog\framework\web\CBaseController.php(95): CBaseController->renderInternal('C:\\xampp\\htdocs...', NULL, false)
#4 C:\xampp\htdocs\yiiblog\framework\web\widgets\CWidget.php(244): CBaseController->renderFile('C:\\xampp\\htdocs...', NULL, false)
#5 C:\xampp\htdocs\yiiblog\protected\components\UserMenu.php(15): CWidget->render('userMenu')
#6 C:\xampp\htdocs\yiiblog\framework\zii\widgets\CPortlet.php(97): UserMenu->renderContent()
#7 C:\xampp\htdocs\yiiblog\framework\web\CBaseController.php(182): CPortlet->run()
#8 C:\xampp\htdocs\yiiblog\protected\views\layouts\column2.php(24): CBaseController->widget('UserMenu')
#9 C:\xampp\htdocs\yiiblog\framework\web\CBaseController.php(126): require('C:\\xampp\\htdocs...')
#10 C:\xampp\htdocs\yiiblog\framework\web\CBaseController.php(95): CBaseController->renderInternal('C:\\xampp\\htdocs...', Array, true)
#11 C:\xampp\htdocs\yiiblog\framework\web\CController.php(787): CBaseController->renderFile('C:\\xampp\\htdocs...', Array, true)
#12 C:\xampp\htdocs\yiiblog\protected\controllers\CommentController.php(142): CController->render('index', Array)
#13 C:\xampp\htdocs\yiiblog\framework\web\actions\CInlineAction.php(49): CommentController->actionIndex()
#14 C:\xampp\htdocs\yiiblog\framework\web\CController.php(308): CInlineAction->runWithParams(Array)
#15 C:\xampp\htdocs\yiiblog\framework\web\filters\CFilterChain.php(134): CController->runAction(Object(CInlineAction))
#16 C:\xampp\htdocs\yiiblog\framework\web\filters\CFilter.php(40): CFilterChain->run()
#17 C:\xampp\htdocs\yiiblog\framework\web\CController.php(1148): CFilter->filter(Object(CFilterChain))
#18 C:\xampp\htdocs\yiiblog\framework\web\filters\CInlineFilter.php(58): CController->filterAccessControl(Object(CFilterChain))
#19 C:\xampp\htdocs\yiiblog\framework\web\filters\CFilterChain.php(131): CInlineFilter->filter(Object(CFilterChain))
#20 C:\xampp\htdocs\yiiblog\framework\web\CController.php(291): CFilterChain->run()
#21 C:\xampp\htdocs\yiiblog\framework\web\CController.php(265): CController->runActionWithFilters(Object(CInlineAction), Array)
#22 C:\xampp\htdocs\yiiblog\framework\web\CWebApplication.php(282): CController->run('')
#23 C:\xampp\htdocs\yiiblog\framework\web\CWebApplication.php(141): CWebApplication->runController('comment')
#24 C:\xampp\htdocs\yiiblog\framework\base\CApplication.php(185): CWebApplication->processRequest()
#25 C:\xampp\htdocs\yiiblog\index.php(13): CApplication->run()
#26 {main}
REQUEST_URI=/index.php/comment
HTTP_REFERER=http://localhost:8080/index.php/post
---
2025/03/14 16:33:50 [error] [exception.CException] CException: Property "Comment.pendingCommentCount" is not defined. in C:\xampp\htdocs\yiiblog\framework\base\CComponent.php:130
Stack trace:
#0 C:\xampp\htdocs\yiiblog\framework\db\ar\CActiveRecord.php(145): CComponent->__get('pendingCommentC...')
#1 C:\xampp\htdocs\yiiblog\protected\components\views\userMenu.php(5): CActiveRecord->__get('pendingCommentC...')
#2 C:\xampp\htdocs\yiiblog\framework\web\CBaseController.php(130): require('C:\\xampp\\htdocs...')
#3 C:\xampp\htdocs\yiiblog\framework\web\CBaseController.php(95): CBaseController->renderInternal('C:\\xampp\\htdocs...', NULL, false)
#4 C:\xampp\htdocs\yiiblog\framework\web\widgets\CWidget.php(244): CBaseController->renderFile('C:\\xampp\\htdocs...', NULL, false)
#5 C:\xampp\htdocs\yiiblog\protected\components\UserMenu.php(15): CWidget->render('userMenu')
#6 C:\xampp\htdocs\yiiblog\framework\zii\widgets\CPortlet.php(97): UserMenu->renderContent()
#7 C:\xampp\htdocs\yiiblog\framework\web\CBaseController.php(182): CPortlet->run()
#8 C:\xampp\htdocs\yiiblog\protected\views\layouts\column2.php(24): CBaseController->widget('UserMenu')
#9 C:\xampp\htdocs\yiiblog\framework\web\CBaseController.php(126): require('C:\\xampp\\htdocs...')
#10 C:\xampp\htdocs\yiiblog\framework\web\CBaseController.php(95): CBaseController->renderInternal('C:\\xampp\\htdocs...', Array, true)
#11 C:\xampp\htdocs\yiiblog\framework\web\CController.php(787): CBaseController->renderFile('C:\\xampp\\htdocs...', Array, true)
#12 C:\xampp\htdocs\yiiblog\protected\controllers\CommentController.php(142): CController->render('index', Array)
#13 C:\xampp\htdocs\yiiblog\framework\web\actions\CInlineAction.php(49): CommentController->actionIndex()
#14 C:\xampp\htdocs\yiiblog\framework\web\CController.php(308): CInlineAction->runWithParams(Array)
#15 C:\xampp\htdocs\yiiblog\framework\web\filters\CFilterChain.php(134): CController->runAction(Object(CInlineAction))
#16 C:\xampp\htdocs\yiiblog\framework\web\filters\CFilter.php(40): CFilterChain->run()
#17 C:\xampp\htdocs\yiiblog\framework\web\CController.php(1148): CFilter->filter(Object(CFilterChain))
#18 C:\xampp\htdocs\yiiblog\framework\web\filters\CInlineFilter.php(58): CController->filterAccessControl(Object(CFilterChain))
#19 C:\xampp\htdocs\yiiblog\framework\web\filters\CFilterChain.php(131): CInlineFilter->filter(Object(CFilterChain))
#20 C:\xampp\htdocs\yiiblog\framework\web\CController.php(291): CFilterChain->run()
#21 C:\xampp\htdocs\yiiblog\framework\web\CController.php(265): CController->runActionWithFilters(Object(CInlineAction), Array)
#22 C:\xampp\htdocs\yiiblog\framework\web\CWebApplication.php(282): CController->run('')
#23 C:\xampp\htdocs\yiiblog\framework\web\CWebApplication.php(141): CWebApplication->runController('comment')
#24 C:\xampp\htdocs\yiiblog\framework\base\CApplication.php(185): CWebApplication->processRequest()
#25 C:\xampp\htdocs\yiiblog\index.php(13): CApplication->run()
#26 {main}
REQUEST_URI=/index.php/comment
HTTP_REFERER=http://localhost:8080/index.php/post
---
2025/03/14 16:33:50 [error] [exception.CException] CException: Property "Comment.pendingCommentCount" is not defined. in C:\xampp\htdocs\yiiblog\framework\base\CComponent.php:130
Stack trace:
#0 C:\xampp\htdocs\yiiblog\framework\db\ar\CActiveRecord.php(145): CComponent->__get('pendingCommentC...')
#1 C:\xampp\htdocs\yiiblog\protected\components\views\userMenu.php(5): CActiveRecord->__get('pendingCommentC...')
#2 C:\xampp\htdocs\yiiblog\framework\web\CBaseController.php(130): require('C:\\xampp\\htdocs...')
#3 C:\xampp\htdocs\yiiblog\framework\web\CBaseController.php(95): CBaseController->renderInternal('C:\\xampp\\htdocs...', NULL, false)
#4 C:\xampp\htdocs\yiiblog\framework\web\widgets\CWidget.php(244): CBaseController->renderFile('C:\\xampp\\htdocs...', NULL, false)
#5 C:\xampp\htdocs\yiiblog\protected\components\UserMenu.php(15): CWidget->render('userMenu')
#6 C:\xampp\htdocs\yiiblog\framework\zii\widgets\CPortlet.php(97): UserMenu->renderContent()
#7 C:\xampp\htdocs\yiiblog\framework\web\CBaseController.php(182): CPortlet->run()
#8 C:\xampp\htdocs\yiiblog\protected\views\layouts\column2.php(24): CBaseController->widget('UserMenu')
#9 C:\xampp\htdocs\yiiblog\framework\web\CBaseController.php(126): require('C:\\xampp\\htdocs...')
#10 C:\xampp\htdocs\yiiblog\framework\web\CBaseController.php(95): CBaseController->renderInternal('C:\\xampp\\htdocs...', Array, true)
#11 C:\xampp\htdocs\yiiblog\framework\web\CController.php(787): CBaseController->renderFile('C:\\xampp\\htdocs...', Array, true)
#12 C:\xampp\htdocs\yiiblog\protected\controllers\CommentController.php(142): CController->render('index', Array)
#13 C:\xampp\htdocs\yiiblog\framework\web\actions\CInlineAction.php(49): CommentController->actionIndex()
#14 C:\xampp\htdocs\yiiblog\framework\web\CController.php(308): CInlineAction->runWithParams(Array)
#15 C:\xampp\htdocs\yiiblog\framework\web\filters\CFilterChain.php(134): CController->runAction(Object(CInlineAction))
#16 C:\xampp\htdocs\yiiblog\framework\web\filters\CFilter.php(40): CFilterChain->run()
#17 C:\xampp\htdocs\yiiblog\framework\web\CController.php(1148): CFilter->filter(Object(CFilterChain))
#18 C:\xampp\htdocs\yiiblog\framework\web\filters\CInlineFilter.php(58): CController->filterAccessControl(Object(CFilterChain))
#19 C:\xampp\htdocs\yiiblog\framework\web\filters\CFilterChain.php(131): CInlineFilter->filter(Object(CFilterChain))
#20 C:\xampp\htdocs\yiiblog\framework\web\CController.php(291): CFilterChain->run()
#21 C:\xampp\htdocs\yiiblog\framework\web\CController.php(265): CController->runActionWithFilters(Object(CInlineAction), Array)
#22 C:\xampp\htdocs\yiiblog\framework\web\CWebApplication.php(282): CController->run('')
#23 C:\xampp\htdocs\yiiblog\framework\web\CWebApplication.php(141): CWebApplication->runController('comment')
#24 C:\xampp\htdocs\yiiblog\framework\base\CApplication.php(185): CWebApplication->processRequest()
#25 C:\xampp\htdocs\yiiblog\index.php(13): CApplication->run()
#26 {main}
REQUEST_URI=/index.php/comment
HTTP_REFERER=http://localhost:8080/index.php/post
---
